{
"contracts/Lottery.sol":{"l":{"15":3,"16":2,"20":0,"21":0,"22":0,"59":3,"60":3,"61":3,"62":3,"63":3,"64":3,"65":3,"66":3,"70":2,"71":0,"73":2,"74":2,"92":0,"93":0,"94":0,"95":0,"96":0,"97":0,"101":0,"102":0,"103":0,"108":0,"109":0,"116":0,"123":0,"124":0,"125":0,"126":0,"127":0,"128":0,"129":0,"130":0,"131":0,"135":4,"139":1,"143":0,"147":0,"151":0,"155":0,"159":0,"163":5,"167":1},"path":"/home/anhtoan/blockchain_learning/blockchain_learning/contracts/Lottery.sol","s":{"1":3,"2":0,"3":2,"4":2,"5":2,"6":0,"7":0,"8":0,"9":0,"10":0,"11":0,"12":0,"13":0,"14":0,"15":0,"16":0,"17":0,"18":0,"19":0,"20":4,"21":1,"22":0,"23":0,"24":0,"25":0,"26":0,"27":5,"28":1},"b":{"1":[1,2],"2":[0,0],"3":[2,1],"4":[0,2],"5":[0,0],"6":[0,0]},"f":{"1":3,"2":0,"3":3,"4":2,"5":0,"6":0,"7":0,"8":4,"9":1,"10":0,"11":0,"12":0,"13":0,"14":0,"15":5,"16":1},"fnMap":{"1":{"name":"insufficentFund","line":14,"loc":{"start":{"line":14,"column":4},"end":{"line":17,"column":4}}},"2":{"name":"lotteryState","line":19,"loc":{"start":{"line":19,"column":4},"end":{"line":24,"column":4}}},"3":{"name":"constructor","line":58,"loc":{"start":{"line":51,"column":4},"end":{"line":67,"column":4}}},"4":{"name":"enterLottery","line":69,"loc":{"start":{"line":69,"column":4},"end":{"line":75,"column":4}}},"5":{"name":"checkUpkeep","line":81,"loc":{"start":{"line":81,"column":4},"end":{"line":98,"column":4}}},"6":{"name":"performUpkeep","line":100,"loc":{"start":{"line":100,"column":4},"end":{"line":117,"column":4}}},"7":{"name":"fulfillRandomWords","line":119,"loc":{"start":{"line":119,"column":4},"end":{"line":132,"column":4}}},"8":{"name":"getEntranceFee","line":134,"loc":{"start":{"line":134,"column":4},"end":{"line":136,"column":4}}},"9":{"name":"getPlayer","line":138,"loc":{"start":{"line":138,"column":4},"end":{"line":140,"column":4}}},"10":{"name":"getRecentWinner","line":142,"loc":{"start":{"line":142,"column":4},"end":{"line":144,"column":4}}},"11":{"name":"getNumWords","line":146,"loc":{"start":{"line":146,"column":4},"end":{"line":148,"column":4}}},"12":{"name":"getNumberOfPlayers","line":150,"loc":{"start":{"line":150,"column":4},"end":{"line":152,"column":4}}},"13":{"name":"getLastestTimestamp","line":154,"loc":{"start":{"line":154,"column":4},"end":{"line":156,"column":4}}},"14":{"name":"getRequestConfirmations","line":158,"loc":{"start":{"line":158,"column":4},"end":{"line":160,"column":4}}},"15":{"name":"getIntervalTime","line":162,"loc":{"start":{"line":162,"column":4},"end":{"line":164,"column":4}}},"16":{"name":"getLotteryState","line":166,"loc":{"start":{"line":166,"column":4},"end":{"line":168,"column":4}}}},"statementMap":{"1":{"start":{"line":15,"column":8},"end":{"line":15,"column":74}},"2":{"start":{"line":20,"column":8},"end":{"line":20,"column":788}},"3":{"start":{"line":70,"column":8},"end":{"line":70,"column":2340}},"4":{"start":{"line":73,"column":8},"end":{"line":73,"column":41}},"5":{"start":{"line":74,"column":8},"end":{"line":74,"column":37}},"6":{"start":{"line":92,"column":8},"end":{"line":92,"column":57}},"7":{"start":{"line":93,"column":8},"end":{"line":93,"column":80}},"8":{"start":{"line":94,"column":8},"end":{"line":94,"column":45}},"9":{"start":{"line":95,"column":8},"end":{"line":95,"column":51}},"10":{"start":{"line":97,"column":8},"end":{"line":97,"column":36}},"11":{"start":{"line":101,"column":8},"end":{"line":101,"column":47}},"12":{"start":{"line":102,"column":8},"end":{"line":102,"column":3322}},"13":{"start":{"line":109,"column":8},"end":{"line":109,"column":3567}},"14":{"start":{"line":116,"column":8},"end":{"line":116,"column":41}},"15":{"start":{"line":123,"column":8},"end":{"line":123,"column":64}},"16":{"start":{"line":124,"column":8},"end":{"line":124,"column":62}},"17":{"start":{"line":129,"column":8},"end":{"line":129,"column":78}},"18":{"start":{"line":130,"column":8},"end":{"line":130,"column":54}},"19":{"start":{"line":131,"column":8},"end":{"line":131,"column":40}},"20":{"start":{"line":135,"column":8},"end":{"line":135,"column":28}},"21":{"start":{"line":139,"column":8},"end":{"line":139,"column":30}},"22":{"start":{"line":143,"column":8},"end":{"line":143,"column":29}},"23":{"start":{"line":147,"column":8},"end":{"line":147,"column":24}},"24":{"start":{"line":151,"column":8},"end":{"line":151,"column":30}},"25":{"start":{"line":155,"column":8},"end":{"line":155,"column":30}},"26":{"start":{"line":159,"column":8},"end":{"line":159,"column":36}},"27":{"start":{"line":163,"column":8},"end":{"line":163,"column":29}},"28":{"start":{"line":167,"column":8},"end":{"line":167,"column":29}}},"branchMap":{"1":{"line":15,"type":"if","locations":[{"start":{"line":15,"column":8},"end":{"line":15,"column":8}},{"start":{"line":15,"column":8},"end":{"line":15,"column":8}}]},"2":{"line":20,"type":"if","locations":[{"start":{"line":20,"column":8},"end":{"line":20,"column":8}},{"start":{"line":20,"column":8},"end":{"line":20,"column":8}}]},"3":{"line":69,"type":"if","locations":[{"start":{"line":69,"column":43},"end":{"line":69,"column":43}},{"start":{"line":69,"column":43},"end":{"line":69,"column":43}}]},"4":{"line":70,"type":"if","locations":[{"start":{"line":70,"column":8},"end":{"line":70,"column":8}},{"start":{"line":70,"column":8},"end":{"line":70,"column":8}}]},"5":{"line":102,"type":"if","locations":[{"start":{"line":102,"column":8},"end":{"line":102,"column":8}},{"start":{"line":102,"column":8},"end":{"line":102,"column":8}}]},"6":{"line":130,"type":"if","locations":[{"start":{"line":130,"column":8},"end":{"line":130,"column":8}},{"start":{"line":130,"column":8},"end":{"line":130,"column":8}}]}}},
"contracts/test/VRFCoordinatorV2Mock.sol":{"l":{},"path":"/home/anhtoan/blockchain_learning/blockchain_learning/contracts/test/VRFCoordinatorV2Mock.sol","s":{},"b":{},"f":{},"fnMap":{},"statementMap":{},"branchMap":{}}}
