TN:
SF:/home/anhtoan/blockchain_learning/blockchain_learning/contracts/Lottery.sol
FN:14,insufficentFund
FN:19,lotteryState
FN:58,constructor
FN:69,enterLottery
FN:81,checkUpkeep
FN:100,performUpkeep
FN:119,fulfillRandomWords
FN:134,getEntranceFee
FN:138,getPlayer
FN:142,getRecentWinner
FN:146,getNumWords
FN:150,getNumberOfPlayers
FN:154,getLastestTimestamp
FN:158,getRequestConfirmations
FN:162,getIntervalTime
FN:166,getLotteryState
FNF:16
FNH:7
FNDA:3,insufficentFund
FNDA:0,lotteryState
FNDA:3,constructor
FNDA:2,enterLottery
FNDA:0,checkUpkeep
FNDA:0,performUpkeep
FNDA:0,fulfillRandomWords
FNDA:4,getEntranceFee
FNDA:1,getPlayer
FNDA:0,getRecentWinner
FNDA:0,getNumWords
FNDA:0,getNumberOfPlayers
FNDA:0,getLastestTimestamp
FNDA:0,getRequestConfirmations
FNDA:5,getIntervalTime
FNDA:1,getLotteryState
DA:15,3
DA:16,2
DA:20,0
DA:21,0
DA:22,0
DA:59,3
DA:60,3
DA:61,3
DA:62,3
DA:63,3
DA:64,3
DA:65,3
DA:66,3
DA:70,2
DA:71,0
DA:73,2
DA:74,2
DA:92,0
DA:93,0
DA:94,0
DA:95,0
DA:96,0
DA:97,0
DA:101,0
DA:102,0
DA:103,0
DA:108,0
DA:109,0
DA:116,0
DA:123,0
DA:124,0
DA:125,0
DA:126,0
DA:127,0
DA:128,0
DA:129,0
DA:130,0
DA:131,0
DA:135,4
DA:139,1
DA:143,0
DA:147,0
DA:151,0
DA:155,0
DA:159,0
DA:163,5
DA:167,1
LF:47
LH:17
BRDA:15,1,0,1
BRDA:15,1,1,2
BRDA:20,2,0,0
BRDA:20,2,1,0
BRDA:69,3,0,2
BRDA:69,3,1,1
BRDA:70,4,0,0
BRDA:70,4,1,2
BRDA:102,5,0,0
BRDA:102,5,1,0
BRDA:130,6,0,0
BRDA:130,6,1,0
BRF:12
BRH:5
end_of_record
TN:
SF:/home/anhtoan/blockchain_learning/blockchain_learning/contracts/test/VRFCoordinatorV2Mock.sol
FNF:0
FNH:0
LF:0
LH:0
BRF:0
BRH:0
end_of_record
